
ROM used: 1127 (14%)
          1127 (14%) including unused fragments

          0 Average locations per line
          3 Average locations per statement

RAM used: 10 (3%) at main() level
          30 (8%) worst case

Stack used: 5 worst case (out of 8 total available)

Lines Stmts  %   Files
----- ----- ---  -----
  140    88  21  ADC.c
  411     0   0  C:\Program Files (x86)\PICC\devices\16f887.h
  249    88  21  C:\Program Files (x86)\PICC\drivers\lcd.h
 2104   238  57  C:\Program Files (x86)\PICC\drivers\math.h
----- -----
 2904   414 Total

Page ROM  %  RAM   Vol Diff  Functions:
---- --- --- ---   --- ----  ----------
0     21   2   1             @delay_ms2
0      8   1   0             @const211
0     58   5   2   594  4.3  lcd_init
 Inline        3   620  3.8  lcd_read_byte
0     49   4   2   204  3.2  lcd_read_nibble
0     87   8   3   313  3.4  lcd_send_byte
0     43   4   1   336  1.9  lcd_send_nibble
0     35   3   4   335  5.5  lcd_gotoxy
0     37   3   1   272  4.1  lcd_putc
0    648  57   1  2969  5.9  MAIN
0     12   1   0             @const223
0     13   1   0             @const224
0     99   9   9             @PRINTF_LU_209
0     13   1   0             @const227

Program metrics:
    Functions               8
    Statements              414
    Comments                479
    Volume (V)              7886
    Difficilty (D)          31.9
    Effort to implement (E) 251626
    Time to implement (T)   3 hours, 53 minutes
    Est Delivered Bugs (B)  1
    Cyclomatic Complexity   30
    Maintainability (MI)    43

 Segment     Used  Free
-----------  ----  ----
00000-00003     4  0  
00004-007FF  1123  921  
00800-00FFF     0  2048  
01000-017FF     0  2048  
01800-01FFF     0  2048  



